#
# There is insufficient memory for the Java Runtime Environment to continue.
# Native memory allocation (mmap) failed to map 5029888 bytes for card table expansion
# Possible reasons:
#   The system is out of physical RAM or swap space
#   In 32 bit mode, the process size limit was hit
# Possible solutions:
#   Reduce memory load on the system
#   Increase physical memory or swap space
#   Check if swap backing store is full
#   Use 64 bit Java on a 64 bit OS
#   Decrease Java heap size (-Xmx/-Xms)
#   Decrease number of Java threads
#   Decrease Java thread stack sizes (-Xss)
#   Set larger code cache with -XX:ReservedCodeCacheSize=
# This output file may be truncated or incomplete.
#
#  Out of Memory Error (os_windows.cpp:3332), pid=22752, tid=0x0000000000003980
#
# JRE version: Java(TM) SE Runtime Environment (8.0_101-b13) (build 1.8.0_101-b13)
# Java VM: Java HotSpot(TM) 64-Bit Server VM (25.101-b13 mixed mode windows-amd64 compressed oops)
# Failed to write core dump. Minidumps are not enabled by default on client versions of Windows
#

---------------  T H R E A D  ---------------

Current thread (0x000000001d732800):  VMThread [stack: 0x000000001e7f0000,0x000000001e8f0000] [id=14720]

Stack: [0x000000001e7f0000,0x000000001e8f0000]
[error occurred during error reporting (printing stack bounds), id 0xc0000005]

Native frames: (J=compiled Java code, j=interpreted, Vv=VM code, C=native code)

VM_Operation (0x000000000258efb0): ParallelGCFailedAllocation, mode: safepoint, requested by thread 0x0000000002202000


---------------  P R O C E S S  ---------------

Java Threads: ( => current thread )
  0x000000001f422000 JavaThread "Service Thread" daemon [_thread_blocked, id=11864, stack(0x000000001f870000,0x000000001f970000)]
  0x000000001f3ab800 JavaThread "C1 CompilerThread3" daemon [_thread_blocked, id=12376, stack(0x000000001e6c0000,0x000000001e7c0000)]
  0x000000001f388800 JavaThread "C2 CompilerThread2" daemon [_thread_blocked, id=13740, stack(0x0000000012a70000,0x0000000012b70000)]
  0x000000001f37f800 JavaThread "C2 CompilerThread1" daemon [_thread_blocked, id=15624, stack(0x000000001f990000,0x000000001fa90000)]
  0x000000001f37e000 JavaThread "C2 CompilerThread0" daemon [_thread_blocked, id=13128, stack(0x000000001f750000,0x000000001f850000)]
  0x000000001f224800 JavaThread "Monitor Ctrl-Break" daemon [_thread_blocked, id=15972, stack(0x000000001f5a0000,0x000000001f6a0000)]
  0x000000001d79c800 JavaThread "Attach Listener" daemon [_thread_blocked, id=20024, stack(0x000000001ec90000,0x000000001ed90000)]
  0x000000001d79b000 JavaThread "Signal Dispatcher" daemon [_thread_blocked, id=22104, stack(0x000000001eb60000,0x000000001ec60000)]
  0x000000001c6d8000 JavaThread "Finalizer" daemon [_thread_blocked, id=16032, stack(0x000000001ea40000,0x000000001eb40000)]
  0x000000001c6d0000 JavaThread "Reference Handler" daemon [_thread_blocked, id=13156, stack(0x000000001e920000,0x000000001ea20000)]
  0x0000000002202000 JavaThread "main" [_thread_blocked, id=23884, stack(0x0000000002490000,0x0000000002590000)]

Other Threads:
=>0x000000001d732800 VMThread [stack: 0x000000001e7f0000,0x000000001e8f0000] [id=14720]
  0x000000001f4b7800 WatcherThread [stack: 0x0000000020c80000,0x0000000020d80000] [id=6768]

VM state:at safepoint (normal execution)

VM Mutex/Monitor currently owned by a thread:  ([mutex/lock_event])
[0x00000000021f9b80] ExpandHeap_lock - owner thread: 0x000000001d732800
[0x00000000021fa200] Threads_lock - owner thread: 0x000000001d732800
[0x00000000021fa700] Heap_lock - owner thread: 0x0000000002202000

Heap:
 PSYoungGen      total 141824K, used 131072K [0x000000076af80000, 0x000000077c480000, 0x00000007c0000000)
  eden space 131072K, 100% used [0x000000076af80000,0x0000000772f80000,0x0000000772f80000)
  from space 10752K, 0% used [0x0000000772f80000,0x0000000772f80000,0x0000000773a00000)
  to   space 10752K, 0% used [0x000000077ba00000,0x000000077ba00000,0x000000077c480000)
 ParOldGen       total 269312K, used 258923K [0x00000006c0e00000, 0x000000076af80000, 0x000000076af80000)
  object space 269312K, 96% used [0x00000006c0e00000,0x00000006d0adac08,0x00000006d1500000)
 Metaspace       used 3417K, capacity 4600K, committed 4864K, reserved 1056768K
  class space    used 370K, capacity 424K, committed 512K, reserved 1048576K

Card table byte_map: [0x0000000011a50000,0x0000000012250000] byte_map_base: 0x000000000e449000

Marking Bits: (ParMarkBitMap*) 0x0000000070a0a6d0
 Begin Bits: [0x0000000013550000, 0x0000000017518000)
 End Bits:   [0x0000000017518000, 0x000000001b4e0000)

Polling page: 0x0000000000110000

CodeCache: size=245760Kb used=1389Kb max_used=1434Kb free=244370Kb
 bounds [0x0000000002690000, 0x0000000002900000, 0x0000000011690000]
 total_blobs=379 nmethods=121 adapters=171
 compilation: enabled

Compilation events (10 events):
Event: 0.491 Thread 0x000000001f3ab800 nmethod 115 0x00000000027d3390 code [0x00000000027d35c0, 0x00000000027d4288]
Event: 0.491 Thread 0x000000001f3ab800  117   !   3       java.lang.ref.ReferenceQueue::enqueue (119 bytes)
Event: 0.492 Thread 0x000000001f3ab800 nmethod 117 0x00000000027dd750 code [0x00000000027dd8e0, 0x00000000027de068]
Event: 0.492 Thread 0x000000001f3ab800  120       3       java.lang.ref.ReferenceQueue::reallyPoll (66 bytes)
Event: 0.492 Thread 0x000000001f3ab800 nmethod 120 0x00000000027dd090 code [0x00000000027dd200, 0x00000000027dd690]
Event: 0.492 Thread 0x000000001f3ab800  121       3       java.lang.ref.Finalizer::access$000 (4 bytes)
Event: 0.492 Thread 0x000000001f3ab800 nmethod 121 0x00000000027d64d0 code [0x00000000027d6620, 0x00000000027d6770]
Event: 0.492 Thread 0x000000001f3ab800  119   !   3       java.util.zip.ZipFile$ZipFileInflaterInputStream::close (67 bytes)
Event: 0.492 Thread 0x000000001f3ab800 nmethod 119 0x00000000027de250 code [0x00000000027de420, 0x00000000027dec58]
Event: 0.613 Thread 0x000000001f388800 nmethod 33 0x00000000027ea390 code [0x00000000027ea740, 0x00000000027f2dc8]

GC Heap History (10 events):
Event: 177.117 GC heap after
Heap after GC invocations=186 (full 183):
 PSYoungGen      total 141824K, used 131072K [0x000000076af80000, 0x000000077c480000, 0x00000007c0000000)
  eden space 131072K, 100% used [0x000000076af80000,0x0000000772f80000,0x0000000772f80000)
  from space 10752K, 0% used [0x0000000772f80000,0x0000000772f80000,0x0000000773a00000)
  to   space 10752K, 0% used [0x000000077ba00000,0x000000077ba00000,0x000000077c480000)
 ParOldGen       total 269312K, used 258943K [0x00000006c0e00000, 0x00000006d1500000, 0x000000076af80000)
  object space 269312K, 96% used [0x00000006c0e00000,0x00000006d0adfff0,0x00000006d1500000)
 Metaspace       used 3416K, capacity 4600K, committed 4864K, reserved 1056768K
  class space    used 370K, capacity 424K, committed 512K, reserved 1048576K
}
Event: 177.117 GC heap before
{Heap before GC invocations=187 (full 184):
 PSYoungGen      total 141824K, used 131072K [0x000000076af80000, 0x000000077c480000, 0x00000007c0000000)
  eden space 131072K, 100% used [0x000000076af80000,0x0000000772f80000,0x0000000772f80000)
  from space 10752K, 0% used [0x0000000772f80000,0x0000000772f80000,0x0000000773a00000)
  to   space 10752K, 0% used [0x000000077ba00000,0x000000077ba00000,0x000000077c480000)
 ParOldGen       total 269312K, used 258944K [0x00000006c0e00000, 0x00000006d1500000, 0x000000076af80000)
  object space 269312K, 96% used [0x00000006c0e00000,0x00000006d0ae03f0,0x00000006d1500000)
 Metaspace       used 3416K, capacity 4600K, committed 4864K, reserved 1056768K
  class space    used 370K, capacity 424K, committed 512K, reserved 1048576K
Event: 178.046 GC heap after
Heap after GC invocations=187 (full 184):
 PSYoungGen      total 141824K, used 131072K [0x000000076af80000, 0x000000077c480000, 0x00000007c0000000)
  eden space 131072K, 100% used [0x000000076af80000,0x0000000772f80000,0x0000000772f80000)
  from space 10752K, 0% used [0x0000000772f80000,0x0000000772f80000,0x0000000773a00000)
  to   space 10752K, 0% used [0x000000077ba00000,0x000000077ba00000,0x000000077c480000)
 ParOldGen       total 269312K, used 258944K [0x00000006c0e00000, 0x00000006d1500000, 0x000000076af80000)
  object space 269312K, 96% used [0x00000006c0e00000,0x00000006d0ae03f0,0x00000006d1500000)
 Metaspace       used 3416K, capacity 4600K, committed 4864K, reserved 1056768K
  class space    used 370K, capacity 424K, committed 512K, reserved 1048576K
}
Event: 178.046 GC heap before
{Heap before GC invocations=188 (full 185):
 PSYoungGen      total 141824K, used 131072K [0x000000076af80000, 0x000000077c480000, 0x00000007c0000000)
  eden space 131072K, 100% used [0x000000076af80000,0x0000000772f80000,0x0000000772f80000)
  from space 10752K, 0% used [0x0000000772f80000,0x0000000772f80000,0x0000000773a00000)
  to   space 10752K, 0% used [0x000000077ba00000,0x000000077ba00000,0x000000077c480000)
 ParOldGen       total 269312K, used 258945K [0x00000006c0e00000, 0x00000006d1500000, 0x000000076af80000)
  object space 269312K, 96% used [0x00000006c0e00000,0x00000006d0ae07f0,0x00000006d1500000)
 Metaspace       used 3416K, capacity 4600K, committed 4864K, reserved 1056768K
  class space    used 370K, capacity 424K, committed 512K, reserved 1048576K
Event: 178.994 GC heap after
Heap after GC invocations=188 (full 185):
 PSYoungGen      total 141824K, used 131072K [0x000000076af80000, 0x000000077c480000, 0x00000007c0000000)
  eden space 131072K, 100% used [0x000000076af80000,0x0000000772f80000,0x0000000772f80000)
  from space 10752K, 0% used [0x0000000772f80000,0x0000000772f80000,0x0000000773a00000)
  to   space 10752K, 0% used [0x000000077ba00000,0x000000077ba00000,0x000000077c480000)
 ParOldGen       total 269312K, used 258945K [0x00000006c0e00000, 0x00000006d1500000, 0x000000076af80000)
  object space 269312K, 96% used [0x00000006c0e00000,0x00000006d0ae0768,0x00000006d1500000)
 Metaspace       used 3416K, capacity 4600K, committed 4864K, reserved 1056768K
  class space    used 370K, capacity 424K, committed 512K, reserved 1048576K
}
Event: 178.994 GC heap before
{Heap before GC invocations=189 (full 186):
 PSYoungGen      total 141824K, used 131072K [0x000000076af80000, 0x000000077c480000, 0x00000007c0000000)
  eden space 131072K, 100% used [0x000000076af80000,0x0000000772f80000,0x0000000772f80000)
  from space 10752K, 0% used [0x0000000772f80000,0x0000000772f80000,0x0000000773a00000)
  to   space 10752K, 0% used [0x000000077ba00000,0x000000077ba00000,0x000000077c480000)
 ParOldGen       total 269312K, used 258946K [0x00000006c0e00000, 0x00000006d1500000, 0x000000076af80000)
  object space 269312K, 96% used [0x00000006c0e00000,0x00000006d0ae0b68,0x00000006d1500000)
 Metaspace       used 3416K, capacity 4600K, committed 4864K, reserved 1056768K
  class space    used 370K, capacity 424K, committed 512K, reserved 1048576K
Event: 180.019 GC heap after
Heap after GC invocations=189 (full 186):
 PSYoungGen      total 141824K, used 131072K [0x000000076af80000, 0x000000077c480000, 0x00000007c0000000)
  eden space 131072K, 100% used [0x000000076af80000,0x0000000772f80000,0x0000000772f80000)
  from space 10752K, 0% used [0x0000000772f80000,0x0000000772f80000,0x0000000773a00000)
  to   space 10752K, 0% used [0x000000077ba00000,0x000000077ba00000,0x000000077c480000)
 ParOldGen       total 269312K, used 258921K [0x00000006c0e00000, 0x00000006d1500000, 0x000000076af80000)
  object space 269312K, 96% used [0x00000006c0e00000,0x00000006d0ada7d8,0x00000006d1500000)
 Metaspace       used 3416K, capacity 4600K, committed 4864K, reserved 1056768K
  class space    used 370K, capacity 424K, committed 512K, reserved 1048576K
}
Event: 180.019 GC heap before
{Heap before GC invocations=190 (full 187):
 PSYoungGen      total 141824K, used 131072K [0x000000076af80000, 0x000000077c480000, 0x00000007c0000000)
  eden space 131072K, 100% used [0x000000076af80000,0x0000000772f80000,0x0000000772f80000)
  from space 10752K, 0% used [0x0000000772f80000,0x0000000772f80000,0x0000000773a00000)
  to   space 10752K, 0% used [0x000000077ba00000,0x000000077ba00000,0x000000077c480000)
 ParOldGen       total 269312K, used 258922K [0x00000006c0e00000, 0x00000006d1500000, 0x000000076af80000)
  object space 269312K, 96% used [0x00000006c0e00000,0x00000006d0adabd8,0x00000006d1500000)
 Metaspace       used 3417K, capacity 4600K, committed 4864K, reserved 1056768K
  class space    used 370K, capacity 424K, committed 512K, reserved 1048576K
Event: 180.908 GC heap after
Heap after GC invocations=190 (full 187):
 PSYoungGen      total 141824K, used 131072K [0x000000076af80000, 0x000000077c480000, 0x00000007c0000000)
  eden space 131072K, 100% used [0x000000076af80000,0x0000000772f80000,0x0000000772f80000)
  from space 10752K, 0% used [0x0000000772f80000,0x0000000772f80000,0x0000000773a00000)
  to   space 10752K, 0% used [0x000000077ba00000,0x000000077ba00000,0x000000077c480000)
 ParOldGen       total 269312K, used 258922K [0x00000006c0e00000, 0x00000006d1500000, 0x000000076af80000)
  object space 269312K, 96% used [0x00000006c0e00000,0x00000006d0adabd8,0x00000006d1500000)
 Metaspace       used 3417K, capacity 4600K, committed 4864K, reserved 1056768K
  class space    used 370K, capacity 424K, committed 512K, reserved 1048576K
}
Event: 180.908 GC heap before
{Heap before GC invocations=191 (full 188):
 PSYoungGen      total 141824K, used 131072K [0x000000076af80000, 0x000000077c480000, 0x00000007c0000000)
  eden space 131072K, 100% used [0x000000076af80000,0x0000000772f80000,0x0000000772f80000)
  from space 10752K, 0% used [0x0000000772f80000,0x0000000772f80000,0x0000000773a00000)
  to   space 10752K, 0% used [0x000000077ba00000,0x000000077ba00000,0x000000077c480000)
 ParOldGen       total 269312K, used 258923K [0x00000006c0e00000, 0x00000006d1500000, 0x000000076af80000)
  object space 269312K, 96% used [0x00000006c0e00000,0x00000006d0adafd8,0x00000006d1500000)
 Metaspace       used 3417K, capacity 4600K, committed 4864K, reserved 1056768K
  class space    used 370K, capacity 424K, committed 512K, reserved 1048576K

Deoptimization events (4 events):
Event: 0.397 Thread 0x0000000002202000 Uncommon trap: reason=array_check action=maybe_recompile pc=0x00000000027d1ed0 method=com.zaxxer.hikari.util.FastList.add(Ljava/lang/Object;)Z @ 28
Event: 0.397 Thread 0x0000000002202000 Uncommon trap: reason=array_check action=maybe_recompile pc=0x00000000027d1ed0 method=com.zaxxer.hikari.util.FastList.add(Ljava/lang/Object;)Z @ 28
Event: 0.397 Thread 0x0000000002202000 Uncommon trap: reason=array_check action=maybe_recompile pc=0x00000000027d1ed0 method=com.zaxxer.hikari.util.FastList.add(Ljava/lang/Object;)Z @ 28
Event: 0.397 Thread 0x0000000002202000 Uncommon trap: reason=array_check action=maybe_recompile pc=0x00000000027d1ed0 method=com.zaxxer.hikari.util.FastList.add(Ljava/lang/Object;)Z @ 28

Internal exceptions (3 events):
Event: 0.029 Thread 0x0000000002202000 Exception <a 'java/lang/NoSuchMethodError': Method sun.misc.Unsafe.defineClass(Ljava/lang/String;[BII)Ljava/lang/Class; name or signature does not match> (0x000000076af87cc0) thrown at [C:\re\workspace\8-2-build-windows-amd64-cygwin\jdk8u101\7261\hotspot\s›WÆÌΩ¥ù?
Event: 0.029 Thread 0x0000000002202000 Exception <a 'java/lang/NoSuchMethodError': Method sun.misc.Unsafe.prefetchRead(Ljava/lang/Object;J)V name or signature does not match> (0x000000076af87fa8) thrown at [C:\re\workspace\8-2-build-windows-amd64-cygwin\jdk8u101\7261\hotspot\src\share\vm\prims\}XÎAQe@
Event: 170.539 Thread 0x000000001f224800 Exception <a 'java/net/SocketException': Unrecognized Windows Sockets error: 0: recv failed> (0x00000006d0adde20) thrown at [C:\re\workspace\8-2-build-windows-amd64-cygwin\jdk8u101\7261\hotspot\src\share\vm\prims\jni.cpp, line 735]

Events (10 events):
Event: 177.117 Executing VM operation: ParallelGCFailedAllocation done
Event: 177.117 Executing VM operation: ParallelGCFailedAllocation
Event: 178.046 Executing VM operation: ParallelGCFailedAllocation done
Event: 178.046 Executing VM operation: ParallelGCFailedAllocation
Event: 178.994 Executing VM operation: ParallelGCFailedAllocation done
Event: 178.994 Executing VM operation: ParallelGCFailedAllocation
Event: 180.019 Executing VM operation: ParallelGCFailedAllocation done
Event: 180.019 Executing VM operation: ParallelGCFailedAllocation
Event: 180.908 Executing VM operation: ParallelGCFailedAllocation done
Event: 180.908 Executing VM operation: ParallelGCFailedAllocation


Dynamic libraries:
0x000000013f260000 - 0x000000013f297000 	C:\Program Files\Java\jdk1.8.0_101\bin\java.exe
0x00000000771d0000 - 0x000000007736f000 	C:\Windows\SYSTEM32\ntdll.dll
0x00000000770b0000 - 0x00000000771cf000 	C:\Windows\system32\kernel32.dll
0x000007fefd8a0000 - 0x000007fefd90a000 	C:\Windows\system32\KERNELBASE.dll
0x000007feff0a0000 - 0x000007feff17b000 	C:\Windows\system32\ADVAPI32.dll
0x000007feff2f0000 - 0x000007feff38f000 	C:\Windows\system32\msvcrt.dll
0x000007fefdb20000 - 0x000007fefdb3f000 	C:\Windows\SYSTEM32\sechost.dll
0x000007fefd9f0000 - 0x000007fefdb1d000 	C:\Windows\system32\RPCRT4.dll
0x0000000076c30000 - 0x0000000076d2a000 	C:\Windows\system32\USER32.dll
0x000007feff280000 - 0x000007feff2e7000 	C:\Windows\system32\GDI32.dll
0x000007feff3a0000 - 0x000007feff3ae000 	C:\Windows\system32\LPK.dll
0x000007feff1b0000 - 0x000007feff27b000 	C:\Windows\system32\USP10.dll
0x000007fefbe10000 - 0x000007fefc004000 	C:\Windows\WinSxS\amd64_microsoft.windows.common-controls_6595b64144ccf1df_6.0.7601.18837_none_fa3b1e3d17594757\COMCTL32.dll
0x000007feff020000 - 0x000007feff091000 	C:\Windows\system32\SHLWAPI.dll
0x000007feff180000 - 0x000007feff1ae000 	C:\Windows\system32\IMM32.DLL
0x000007feff3b0000 - 0x000007feff4b9000 	C:\Windows\system32\MSCTF.dll
0x00000000630c0000 - 0x0000000063192000 	C:\Program Files\Java\jdk1.8.0_101\jre\bin\msvcr100.dll
0x00000000701f0000 - 0x0000000070a8a000 	C:\Program Files\Java\jdk1.8.0_101\jre\bin\server\jvm.dll
0x000007fef8c90000 - 0x000007fef8c99000 	C:\Windows\system32\WSOCK32.dll
0x000007fefde60000 - 0x000007fefdead000 	C:\Windows\system32\WS2_32.dll
0x000007feff390000 - 0x000007feff398000 	C:\Windows\system32\NSI.dll
0x000007fefb660000 - 0x000007fefb69b000 	C:\Windows\system32\WINMM.dll
0x000007fefc730000 - 0x000007fefc73c000 	C:\Windows\system32\VERSION.dll
0x0000000077370000 - 0x0000000077377000 	C:\Windows\system32\PSAPI.DLL
0x0000000068850000 - 0x000000006885f000 	C:\Program Files\Java\jdk1.8.0_101\jre\bin\verify.dll
0x0000000063bd0000 - 0x0000000063bf9000 	C:\Program Files\Java\jdk1.8.0_101\jre\bin\java.dll
0x0000000073730000 - 0x0000000073753000 	C:\Program Files\Java\jdk1.8.0_101\jre\bin\instrument.dll
0x00000000687a0000 - 0x00000000687b6000 	C:\Program Files\Java\jdk1.8.0_101\jre\bin\zip.dll
0x000007fefe150000 - 0x000007fefeeda000 	C:\Windows\system32\SHELL32.dll
0x000007fefdeb0000 - 0x000007fefe0ac000 	C:\Windows\system32\ole32.dll
0x000007fefd620000 - 0x000007fefd62f000 	C:\Windows\system32\profapi.dll
0x000007fefa660000 - 0x000007fefa67a000 	D:\Program Files\ideaIU-2017.3.3.win\bin\breakgen64.dll
0x0000000063b80000 - 0x0000000063b9a000 	C:\Program Files\Java\jdk1.8.0_101\jre\bin\net.dll
0x000007fefceb0000 - 0x000007fefcf05000 	C:\Windows\system32\mswsock.dll
0x000007fefd040000 - 0x000007fefd047000 	C:\Windows\System32\wship6.dll

VM Arguments:
jvm_args: -javaagent:D:\Program Files\ideaIU-2017.3.3.win\lib\idea_rt.jar=26122:D:\Program Files\ideaIU-2017.3.3.win\bin -Dfile.encoding=UTF-8 
java_command: com.demo.member.controller.UserController
java_class_path (initial): C:\Program Files\Java\jdk1.8.0_101\jre\lib\charsets.jar;C:\Program Files\Java\jdk1.8.0_101\jre\lib\deploy.jar;C:\Program Files\Java\jdk1.8.0_101\jre\lib\ext\access-bridge-64.jar;C:\Program Files\Java\jdk1.8.0_101\jre\lib\ext\cldrdata.jar;C:\Program Files\Java\jdk1.8.0_101\jre\lib\ext\dnsns.jar;C:\Program Files\Java\jdk1.8.0_101\jre\lib\ext\jaccess.jar;C:\Program Files\Java\jdk1.8.0_101\jre\lib\ext\jfxrt.jar;C:\Program Files\Java\jdk1.8.0_101\jre\lib\ext\localedata.jar;C:\Program Files\Java\jdk1.8.0_101\jre\lib\ext\nashorn.jar;C:\Program Files\Java\jdk1.8.0_101\jre\lib\ext\sunec.jar;C:\Program Files\Java\jdk1.8.0_101\jre\lib\ext\sunjce_provider.jar;C:\Program Files\Java\jdk1.8.0_101\jre\lib\ext\sunmscapi.jar;C:\Program Files\Java\jdk1.8.0_101\jre\lib\ext\sunpkcs11.jar;C:\Program Files\Java\jdk1.8.0_101\jre\lib\ext\zipfs.jar;C:\Program Files\Java\jdk1.8.0_101\jre\lib\javaws.jar;C:\Program Files\Java\jdk1.8.0_101\jre\lib\jce.jar;C:\Program Files\Java\jdk1.8.0_101\jre\lib\jfr.jar;C:\Program Files\Java\jdk1.8.0_101\jre\lib\jfxswt.jar;C:\Program Files\Java\jdk1.8.0_101\jre\lib\jsse.jar;C:\Program Files\Java\jdk1.8.0_101\jre\lib\management-agent.jar;C:\Program Files\Java\jdk1.8.0_101\jre\lib\plugin.jar;C:\Program Files\Java\jdk1.8.0_101\jre\lib\resources.jar;C:\Program Files\Java\jdk1.8.0_101\jre\lib\rt.jar;E:\springcloud\demo-parent\demo-member\target\classes;E:\repository\com\laiai\laiai-core\1.0-SNAPSHOT\laiai-core-1.0-20180903.093737-38.jar;E:\repository\tk\mybatis\mapper\3.5.0\mapper-3.5.0.jar;E:\repository\javax\persistence\persistence-api\1.0\persistence-api-1.0.jar;E:\repository\com\alibaba\fastjson\1.2.46\fastjson-1.2.46.jar;E:\repository\org\springframework\spring-webmvc\4.3.13.RELEASE\spring-webmvc-4.3.13.RELEASE.jar;E:\repository\org\springframework\spring-aop\4.3.13.RELEASE\spring-aop-4.3.13.RELEASE.jar;E:\repository\org\springframework\spring-context\4.3.13.RELEASE\spring-context-4.3.13.RELEASE.jar;E:\repository\org\springframewor
Launcher Type: SUN_STANDARD

Environment Variables:
JAVA_HOME=C:\Program Files\Java\jdk1.8.0_101
CLASSPATH=.;C:\Program Files\Java\jdk1.8.0_101\lib;C:\Program Files\Java\jdk1.8.0_101\lib\dt.jar;C:\Program Files\Java\jdk1.8.0_101\lib\tools.jar
PATH=C:\Program Files (x86)\Common Files\Oracle\Java\javapath;E:\sonarqube-7.3\bin;C:\ProgramData\Oracle\Java\javapath;C:\Windows\system32;C:\Windows;C:\Windows\System32\Wbem;C:\Windows\System32\WindowsPowerShell\v1.0\;C:\Program Files (x86)\Microsoft SQL Server\100\Tools\Binn\;C:\Program Files\Microsoft SQL Server\100\Tools\Binn\;C:\Program Files\Microsoft SQL Server\100\DTS\Binn\;C:\Program Files (x86)\Microsoft SQL Server\100\Tools\Binn\VSShell\Common7\IDE\;C:\Program Files (x86)\Microsoft Visual Studio 9.0\Common7\IDE\PrivateAssemblies\;C:\Program Files (x86)\Microsoft SQL Server\100\DTS\Binn\;C:\Program Files\Microsoft SQL Server\110\Tools\Binn\;C:\Program Files\TortoiseGit\bin;C:\Program Files (x86)\Windows Kits\8.1\Windows Performance Toolkit\;C:\Program Files (x86)\Microsoft SDKs\TypeScript\1.0\;C:\Program Files\Java\jdk1.8.0_101\bin;C:\Program Files\Java\jdk1.8.0_101\jre\bin;E:\apache-maven-3.1.1\bin;C:\Program Files (x86)\Git\cmd;E:\apache-tomcat-8.0.32\lib;E:\apache-tomcat-8.0.32\bin;C:\Program Files\nodejs\node_global;C:\Program Files\MySQL\MySQL Server 5.7\bin;C:\Program Files\Git\cmd;E:\zookeeper-3.4.6\bin;E:\apache-maven-3.1.1/bin;C:\Users\Administrator\AppData\Local\Android\sdk\platform-tools;C:\Users\Administrator\AppData\Local\Android\sdk\tools;C:\Program Files (x86)\Yarn\bin;D:\Program Files\erl9.2\bin;C:\Program Files\IDM Computer Solutions\UltraCompare;C:\Program Files (x86)\Git\libexec\git-core;C:\Program Files\IDM Computer Solutions\UltraEdit;C:\Program Files\nodejs\;C:\Users\Administrator\AppData\Local\Yarn\bin;C:\Users\Administrator\AppData\Roaming\npm
USERNAME=Administrator
OS=Windows_NT
PROCESSOR_IDENTIFIER=Intel64 Family 6 Model 60 Stepping 3, GenuineIntel



---------------  S Y S T E M  ---------------

OS: Windows 7 , 64 bit Build 7601 (6.1.7601.24094)

CPU:total 8 (4 cores per cpu, 2 threads per core) family 6 model 60 stepping 3, cmov, cx8, fxsr, mmx, sse, sse2, sse3, ssse3, sse4.1, sse4.2, popcnt, avx, avx2, aes, clmul, erms, lzcnt, ht, tsc, tscinvbit, bmi1, bmi2

Memory: 4k page, physical 16713472k(4671500k free), swap 35027512k(8176k free)

vm_info: Java HotSpot(TM) 64-Bit Server VM (25.101-b13) for windows-amd64 JRE (1.8.0_101-b13), built on Jun 22 2016 01:21:29 by "java_re" with MS VC++ 10.0 (VS2010)

time: Tue Mar 26 14:34:41 2019
elapsed time: 181 seconds (0d 0h 3m 1s)

